Using pre-set license
Built from '2020.2/release' branch; Version is '2020.2.1f1 (270dd8c3da1c) revision 2559448'; Using compiler version '192528614'; Build Type 'Release'
OS: 'Windows 10  (10.0.0) 64bit' Language: 'en' Physical Memory: 16145 MB
BatchMode: 1, IsHumanControllingUs: 0, StartBugReporterOnCrash: 0, Is64bit: 1, IsPro: 0

 COMMAND LINE ARGUMENTS:
C:\Program Files\Unity\Hub\Editor\2020.2.1f1\Editor\Unity.exe
-adb2
-batchMode
-noUpm
-name
AssetImportWorker0
-projectPath
C:/Users/tetsu/Desktop/Unity Games/Beatem_up_game_update/Updated_Beatem_Up_Game
-logFile
Logs/AssetImportWorker0.log
-srvPort
58157
Successfully changed project path to: C:/Users/tetsu/Desktop/Unity Games/Beatem_up_game_update/Updated_Beatem_Up_Game
C:/Users/tetsu/Desktop/Unity Games/Beatem_up_game_update/Updated_Beatem_Up_Game
Using Asset Import Pipeline V2.
Refreshing native plugins compatible for Editor in 21.37 ms, found 0 plugins.
Preloading 0 native plugins for Editor in 0.00 ms.
Initialize engine version: 2020.2.1f1 (270dd8c3da1c)
[Subsystems] Discovering subsystems at path C:/Program Files/Unity/Hub/Editor/2020.2.1f1/Editor/Data/Resources/UnitySubsystems
[Subsystems] Discovering subsystems at path C:/Users/tetsu/Desktop/Unity Games/Beatem_up_game_update/Updated_Beatem_Up_Game/Assets
GfxDevice: creating device client; threaded=0
Direct3D:
    Version:  Direct3D 11.0 [level 11.1]
    Renderer: NVIDIA GeForce RTX 2060 (ID=0x1f15)
    Vendor:   
    VRAM:     5980 MB
    Driver:   27.21.14.6089
Initialize mono
Mono path[0] = 'C:/Program Files/Unity/Hub/Editor/2020.2.1f1/Editor/Data/Managed'
Mono path[1] = 'C:/Program Files/Unity/Hub/Editor/2020.2.1f1/Editor/Data/MonoBleedingEdge/lib/mono/unityjit'
Mono config path = 'C:/Program Files/Unity/Hub/Editor/2020.2.1f1/Editor/Data/MonoBleedingEdge/etc'
Using monoOptions --debugger-agent=transport=dt_socket,embedding=1,server=y,suspend=n,address=127.0.0.1:56992
Begin MonoManager ReloadAssembly
Registering precompiled unity dll's ...
Register platform support module: C:/Program Files/Unity/Hub/Editor/2020.2.1f1/Editor/Data/PlaybackEngines/WebGLSupport/UnityEditor.WebGL.Extensions.dll
Register platform support module: C:/Program Files/Unity/Hub/Editor/2020.2.1f1/Editor/Data/PlaybackEngines/MacStandaloneSupport/UnityEditor.OSXStandalone.Extensions.dll
Register platform support module: C:/Program Files/Unity/Hub/Editor/2020.2.1f1/Editor/Data/PlaybackEngines/WindowsStandaloneSupport/UnityEditor.WindowsStandalone.Extensions.dll
Register platform support module: C:/Program Files/Unity/Hub/Editor/2020.2.1f1/Editor/Data/PlaybackEngines/LinuxStandaloneSupport/UnityEditor.LinuxStandalone.Extensions.dll
Register platform support module: C:/Program Files/Unity/Hub/Editor/2020.2.1f1/Editor/Data/PlaybackEngines/LuminSupport/UnityEditor.Lumin.Extensions.dll
Registered in 0.003440 seconds.
Native extension for Lumin target not found
Native extension for LinuxStandalone target not found
Native extension for WindowsStandalone target not found
Native extension for OSXStandalone target not found
Native extension for WebGL target not found
Refreshing native plugins compatible for Editor in 18.64 ms, found 0 plugins.
Preloading 0 native plugins for Editor in 0.00 ms.
Invoked RoslynAnalysisRunner static constructor.
RoslynAnalysisRunner will not be running.
RoslynAnalysisRunner has terminated.
Mono: successfully reloaded assembly
- Completed reload, in  2.047 seconds
Platform modules already initialized, skipping
Registering precompiled user dll's ...
Registered in 0.000724 seconds.
Begin MonoManager ReloadAssembly
Native extension for Lumin target not found
Native extension for LinuxStandalone target not found
Native extension for WindowsStandalone target not found
Native extension for OSXStandalone target not found
Native extension for WebGL target not found
Refreshing native plugins compatible for Editor in 0.24 ms, found 0 plugins.
Preloading 0 native plugins for Editor in 0.00 ms.
Invoked RoslynAnalysisRunner static constructor.
RoslynAnalysisRunner will not be running.
RoslynAnalysisRunner has terminated.
Mono: successfully reloaded assembly
- Completed reload, in  0.733 seconds
Platform modules already initialized, skipping
========================================================================
Worker process is ready to serve import requests
Launched and connected shader compiler UnityShaderCompiler.exe after 0.04 seconds
Refreshing native plugins compatible for Editor in 0.23 ms, found 0 plugins.
Preloading 0 native plugins for Editor in 0.00 ms.
Unloading 1136 Unused Serialized files (Serialized files now loaded: 0)
System memory in use before: 59.6 MB.
System memory in use after: 59.7 MB.

Unloading 9 unused Assets to reduce memory usage. Loaded Objects now: 1580.
Total: 1.941600 ms (FindLiveObjects: 0.206000 ms CreateObjectMapping: 0.053700 ms MarkObjects: 1.561700 ms  DeleteObjects: 0.118800 ms)

========================================================================
Received Import Request.
  path: Assets/Audio/Sound.mixer
  artifactKey: Guid(92a3627286c40ca46b4ffb5995ee5584) Importer(815301076,1909f56bfc062723c751e8b465ee728b)
Start importing Assets/Audio/Sound.mixer using Guid(92a3627286c40ca46b4ffb5995ee5584) Importer(815301076,1909f56bfc062723c751e8b465ee728b)  -> (artifact id: '187eee010f43c932984347e00a63fae1') in 0.033189 seconds
  Import took 0.035923 seconds .

========================================================================
Received Import Request.
  Time since last request: 2.739110 seconds.
  path: Assets/Scripts/Menu
  artifactKey: Guid(8f5c616046ff3c047bd63999c20769a4) Importer(815301076,1909f56bfc062723c751e8b465ee728b)
Start importing Assets/Scripts/Menu using Guid(8f5c616046ff3c047bd63999c20769a4) Importer(815301076,1909f56bfc062723c751e8b465ee728b)  -> (artifact id: 'e0fa4a38f887fb0828e8a946f5fb0da6') in 0.002883 seconds
  Import took 0.004828 seconds .

========================================================================
Received Import Request.
  Time since last request: 0.000507 seconds.
  path: Assets/Scripts/Menu
  artifactKey: Guid(8f5c616046ff3c047bd63999c20769a4) Importer(815301076,1909f56bfc062723c751e8b465ee728b)
Start importing Assets/Scripts/Menu using Guid(8f5c616046ff3c047bd63999c20769a4) Importer(815301076,1909f56bfc062723c751e8b465ee728b)  -> (artifact id: 'e0fa4a38f887fb0828e8a946f5fb0da6') in 0.002197 seconds
  Import took 0.004042 seconds .

========================================================================
Received Import Request.
  Time since last request: 2.725941 seconds.
  path: Assets/Scripts/Menu/MenuAnimations.cs
  artifactKey: Guid(49b164220b4c10049aa94c2731de3814) Importer(815301076,1909f56bfc062723c751e8b465ee728b)
Start importing Assets/Scripts/Menu/MenuAnimations.cs using Guid(49b164220b4c10049aa94c2731de3814) Importer(815301076,1909f56bfc062723c751e8b465ee728b)  -> (artifact id: 'b7171fa8c588c558c7f38e5fd911c2fc') in 0.010288 seconds
  Import took 0.011874 seconds .

========================================================================
Received Import Request.
  Time since last request: 0.025840 seconds.
  path: Assets/Scripts/Menu/MenuAnimations.cs
  artifactKey: Guid(49b164220b4c10049aa94c2731de3814) Importer(815301076,1909f56bfc062723c751e8b465ee728b)
Start importing Assets/Scripts/Menu/MenuAnimations.cs using Guid(49b164220b4c10049aa94c2731de3814) Importer(815301076,1909f56bfc062723c751e8b465ee728b)  -> (artifact id: 'b7171fa8c588c558c7f38e5fd911c2fc') in 0.002465 seconds
  Import took 0.004661 seconds .

========================================================================
Received Prepare
Registering precompiled user dll's ...
Registered in 0.000727 seconds.
Begin MonoManager ReloadAssembly
Native extension for Lumin target not found
Native extension for LinuxStandalone target not found
Native extension for WindowsStandalone target not found
Native extension for OSXStandalone target not found
Native extension for WebGL target not found
Refreshing native plugins compatible for Editor in 0.17 ms, found 0 plugins.
Preloading 0 native plugins for Editor in 0.00 ms.
Invoked RoslynAnalysisRunner static constructor.
RoslynAnalysisRunner will not be running.
RoslynAnalysisRunner has terminated.
Mono: successfully reloaded assembly
- Completed reload, in  0.730 seconds
Platform modules already initialized, skipping
Refreshing native plugins compatible for Editor in 0.21 ms, found 0 plugins.
Preloading 0 native plugins for Editor in 0.00 ms.
Unloading 1118 Unused Serialized files (Serialized files now loaded: 0)
System memory in use before: 58.8 MB.
System memory in use after: 58.9 MB.

Unloading 4 unused Assets to reduce memory usage. Loaded Objects now: 1582.
Total: 1.591300 ms (FindLiveObjects: 0.175500 ms CreateObjectMapping: 0.036200 ms MarkObjects: 1.340600 ms  DeleteObjects: 0.038100 ms)

========================================================================
Received Import Request.
  Time since last request: 11451.873970 seconds.
  path: Assets/Scripts/Menu/MenuAnimations.cs
  artifactKey: Guid(49b164220b4c10049aa94c2731de3814) Importer(815301076,1909f56bfc062723c751e8b465ee728b)
Start importing Assets/Scripts/Menu/MenuAnimations.cs using Guid(49b164220b4c10049aa94c2731de3814) Importer(815301076,1909f56bfc062723c751e8b465ee728b)  -> (artifact id: '84a793f1479c86f388be17f895d38f9b') in 0.003973 seconds
  Import took 0.005513 seconds .

========================================================================
Received Prepare
Registering precompiled user dll's ...
Registered in 0.000913 seconds.
Begin MonoManager ReloadAssembly
Native extension for Lumin target not found
Native extension for LinuxStandalone target not found
Native extension for WindowsStandalone target not found
Native extension for OSXStandalone target not found
Native extension for WebGL target not found
Refreshing native plugins compatible for Editor in 0.21 ms, found 0 plugins.
Preloading 0 native plugins for Editor in 0.00 ms.
Invoked RoslynAnalysisRunner static constructor.
RoslynAnalysisRunner will not be running.
RoslynAnalysisRunner has terminated.
Mono: successfully reloaded assembly
- Completed reload, in  0.802 seconds
Platform modules already initialized, skipping
Refreshing native plugins compatible for Editor in 0.18 ms, found 0 plugins.
Preloading 0 native plugins for Editor in 0.00 ms.
Unloading 1118 Unused Serialized files (Serialized files now loaded: 0)
System memory in use before: 59.0 MB.
System memory in use after: 59.1 MB.

Unloading 4 unused Assets to reduce memory usage. Loaded Objects now: 1584.
Total: 1.538000 ms (FindLiveObjects: 0.140500 ms CreateObjectMapping: 0.045600 ms MarkObjects: 1.335000 ms  DeleteObjects: 0.015900 ms)

========================================================================
Received Import Request.
  Time since last request: 6321.866437 seconds.
  path: Assets/Audio/Sound.mixer
  artifactKey: Guid(92a3627286c40ca46b4ffb5995ee5584) Importer(815301076,1909f56bfc062723c751e8b465ee728b)
Start importing Assets/Audio/Sound.mixer using Guid(92a3627286c40ca46b4ffb5995ee5584) Importer(815301076,1909f56bfc062723c751e8b465ee728b)  -> (artifact id: '5d72d8d4048b3097b851254d5c77bb81') in 0.021767 seconds
  Import took 0.031832 seconds .

========================================================================
Received Import Request.
  Time since last request: 0.064226 seconds.
  path: Assets/Audio/Sound.mixer
  artifactKey: Guid(92a3627286c40ca46b4ffb5995ee5584) Importer(815301076,1909f56bfc062723c751e8b465ee728b)
Start importing Assets/Audio/Sound.mixer using Guid(92a3627286c40ca46b4ffb5995ee5584) Importer(815301076,1909f56bfc062723c751e8b465ee728b)  -> (artifact id: '5d72d8d4048b3097b851254d5c77bb81') in 0.003489 seconds
  Import took 0.005376 seconds .

========================================================================
Received Import Request.
  Time since last request: 29.749790 seconds.
  path: Assets/Audio/Sound.mixer
  artifactKey: Guid(92a3627286c40ca46b4ffb5995ee5584) Importer(815301076,1909f56bfc062723c751e8b465ee728b)
Start importing Assets/Audio/Sound.mixer using Guid(92a3627286c40ca46b4ffb5995ee5584) Importer(815301076,1909f56bfc062723c751e8b465ee728b)  -> (artifact id: '3db80e2c51650e7b130d47c1ba5cd589') in 0.025747 seconds
  Import took 0.030600 seconds .

========================================================================
Received Import Request.
  Time since last request: 9.565126 seconds.
  path: Assets/Audio/Sound.mixer
  artifactKey: Guid(92a3627286c40ca46b4ffb5995ee5584) Importer(815301076,1909f56bfc062723c751e8b465ee728b)
Start importing Assets/Audio/Sound.mixer using Guid(92a3627286c40ca46b4ffb5995ee5584) Importer(815301076,1909f56bfc062723c751e8b465ee728b)  -> (artifact id: 'c4a35b21944de73d6d02d9d8b0084bd0') in 0.003188 seconds
  Import took 0.005945 seconds .

========================================================================
Received Import Request.
  Time since last request: 7409.991263 seconds.
  path: Assets/Audio/Sound.mixer
  artifactKey: Guid(92a3627286c40ca46b4ffb5995ee5584) Importer(815301076,1909f56bfc062723c751e8b465ee728b)
Start importing Assets/Audio/Sound.mixer using Guid(92a3627286c40ca46b4ffb5995ee5584) Importer(815301076,1909f56bfc062723c751e8b465ee728b)  -> (artifact id: 'f8e0b16310ca6d52652a6bce1718ce72') in 0.004868 seconds
  Import took 0.008810 seconds .

========================================================================
Received Prepare
Registering precompiled user dll's ...
Registered in 0.000794 seconds.
Begin MonoManager ReloadAssembly
Native extension for Lumin target not found
Native extension for LinuxStandalone target not found
Native extension for WindowsStandalone target not found
Native extension for OSXStandalone target not found
Native extension for WebGL target not found
Refreshing native plugins compatible for Editor in 0.25 ms, found 0 plugins.
Preloading 0 native plugins for Editor in 0.00 ms.
Invoked RoslynAnalysisRunner static constructor.
RoslynAnalysisRunner will not be running.
RoslynAnalysisRunner has terminated.
Mono: successfully reloaded assembly
- Completed reload, in  0.785 seconds
Platform modules already initialized, skipping
Refreshing native plugins compatible for Editor in 0.18 ms, found 0 plugins.
Preloading 0 native plugins for Editor in 0.00 ms.
Unloading 1118 Unused Serialized files (Serialized files now loaded: 0)
System memory in use before: 59.3 MB.
System memory in use after: 59.4 MB.

Unloading 4 unused Assets to reduce memory usage. Loaded Objects now: 1586.
Total: 1.408900 ms (FindLiveObjects: 0.139300 ms CreateObjectMapping: 0.041100 ms MarkObjects: 1.213200 ms  DeleteObjects: 0.014200 ms)

========================================================================
Received Prepare
Registering precompiled user dll's ...
Registered in 0.000843 seconds.
Begin MonoManager ReloadAssembly
Native extension for Lumin target not found
Native extension for LinuxStandalone target not found
Native extension for WindowsStandalone target not found
Native extension for OSXStandalone target not found
Native extension for WebGL target not found
Refreshing native plugins compatible for Editor in 0.20 ms, found 0 plugins.
Preloading 0 native plugins for Editor in 0.00 ms.
Invoked RoslynAnalysisRunner static constructor.
RoslynAnalysisRunner will not be running.
RoslynAnalysisRunner has terminated.
Mono: successfully reloaded assembly
- Completed reload, in  0.692 seconds
Platform modules already initialized, skipping
Refreshing native plugins compatible for Editor in 0.21 ms, found 0 plugins.
Preloading 0 native plugins for Editor in 0.00 ms.
Unloading 1118 Unused Serialized files (Serialized files now loaded: 0)
System memory in use before: 59.4 MB.
System memory in use after: 59.5 MB.

Unloading 4 unused Assets to reduce memory usage. Loaded Objects now: 1588.
Total: 1.402200 ms (FindLiveObjects: 0.136700 ms CreateObjectMapping: 0.036000 ms MarkObjects: 1.216400 ms  DeleteObjects: 0.012200 ms)

========================================================================
Received Import Request.
  Time since last request: 902.398668 seconds.
  path: Assets/Audio/Sound.mixer
  artifactKey: Guid(92a3627286c40ca46b4ffb5995ee5584) Importer(815301076,1909f56bfc062723c751e8b465ee728b)
Start importing Assets/Audio/Sound.mixer using Guid(92a3627286c40ca46b4ffb5995ee5584) Importer(815301076,1909f56bfc062723c751e8b465ee728b)  -> (artifact id: 'f347f921fe3cbcbd46f939f3be97405a') in 0.012711 seconds
  Import took 0.014852 seconds .

========================================================================
Received Import Request.
  Time since last request: 0.041663 seconds.
  path: Assets/Audio/Sound.mixer
  artifactKey: Guid(92a3627286c40ca46b4ffb5995ee5584) Importer(815301076,1909f56bfc062723c751e8b465ee728b)
Start importing Assets/Audio/Sound.mixer using Guid(92a3627286c40ca46b4ffb5995ee5584) Importer(815301076,1909f56bfc062723c751e8b465ee728b)  -> (artifact id: '5106ddbb1df9ea57b462fc0b31b6f663') in 0.003263 seconds
  Import took 0.004833 seconds .

========================================================================
Received Import Request.
  Time since last request: 0.011302 seconds.
  path: Assets/Audio/Sound.mixer
  artifactKey: Guid(92a3627286c40ca46b4ffb5995ee5584) Importer(815301076,1909f56bfc062723c751e8b465ee728b)
Start importing Assets/Audio/Sound.mixer using Guid(92a3627286c40ca46b4ffb5995ee5584) Importer(815301076,1909f56bfc062723c751e8b465ee728b)  -> (artifact id: '5106ddbb1df9ea57b462fc0b31b6f663') in 0.003169 seconds
  Import took 0.004775 seconds .

========================================================================
Received Import Request.
  Time since last request: 0.049767 seconds.
  path: Assets/Audio/Sound.mixer
  artifactKey: Guid(92a3627286c40ca46b4ffb5995ee5584) Importer(815301076,1909f56bfc062723c751e8b465ee728b)
Start importing Assets/Audio/Sound.mixer using Guid(92a3627286c40ca46b4ffb5995ee5584) Importer(815301076,1909f56bfc062723c751e8b465ee728b)  -> (artifact id: '9f545127a7390fa89e108ef03797a950') in 0.003857 seconds
  Import took 0.005625 seconds .

========================================================================
Received Import Request.
  Time since last request: 115.608674 seconds.
  path: Packages/com.unity.collab-proxy/Editor/Assets/Styles/AlertBox.uss
  artifactKey: Guid(85516056fd2579c45b10c08bc3c52a08) Importer(815301076,1909f56bfc062723c751e8b465ee728b)
Start importing Packages/com.unity.collab-proxy/Editor/Assets/Styles/AlertBox.uss using Guid(85516056fd2579c45b10c08bc3c52a08) Importer(815301076,1909f56bfc062723c751e8b465ee728b)  -> (artifact id: 'c91046508f939433c23550a8fdc388a8') in 0.010735 seconds
  Import took 0.012513 seconds .

========================================================================
Received Import Request.
  Time since last request: 0.000276 seconds.
  path: Packages/com.unity.collab-proxy/Editor/Assets/Layouts/AlertBox.uxml
  artifactKey: Guid(13d7e179675caff4293e8d5c7fb1dda8) Importer(815301076,1909f56bfc062723c751e8b465ee728b)
Start importing Packages/com.unity.collab-proxy/Editor/Assets/Layouts/AlertBox.uxml using Guid(13d7e179675caff4293e8d5c7fb1dda8) Importer(815301076,1909f56bfc062723c751e8b465ee728b)  -> (artifact id: 'dae154ea01d59b6218e74250cf37d360') in 0.012615 seconds
  Import took 0.014605 seconds .

========================================================================
Received Import Request.
  Time since last request: 0.000317 seconds.
  path: Packages/com.unity.collab-proxy/Editor/Assets/Icons/added-file-light@2x.png
  artifactKey: Guid(ec2e3aa6d0ab8ce4eac29b56d65d61d5) Importer(815301076,1909f56bfc062723c751e8b465ee728b)
Start importing Packages/com.unity.collab-proxy/Editor/Assets/Icons/added-file-light@2x.png using Guid(ec2e3aa6d0ab8ce4eac29b56d65d61d5) Importer(815301076,1909f56bfc062723c751e8b465ee728b)  -> (artifact id: '0844fbef155a79d385c72fa6027c9053') in 0.076545 seconds
  Import took 0.078815 seconds .

========================================================================
Received Import Request.
  Time since last request: 0.000164 seconds.
  path: Packages/com.unity.collab-proxy/Editor/Assets/Icons/added-file-light.png
  artifactKey: Guid(397fff6c3885f8343bb65714f0064b5d) Importer(815301076,1909f56bfc062723c751e8b465ee728b)
Start importing Packages/com.unity.collab-proxy/Editor/Assets/Icons/added-file-light.png using Guid(397fff6c3885f8343bb65714f0064b5d) Importer(815301076,1909f56bfc062723c751e8b465ee728b)  -> (artifact id: '12bb5e29d1cb606a8aeb60a777b537c8') in 0.007728 seconds
  Import took 0.009561 seconds .

========================================================================
Received Import Request.
  Time since last request: 0.140271 seconds.
  path: Packages/com.unity.collab-proxy/Editor/Assets/Icons/added-file-dark.png
  artifactKey: Guid(1a4f52b613391cd449af3ad2e44affeb) Importer(815301076,1909f56bfc062723c751e8b465ee728b)
Start importing Packages/com.unity.collab-proxy/Editor/Assets/Icons/added-file-dark.png using Guid(1a4f52b613391cd449af3ad2e44affeb) Importer(815301076,1909f56bfc062723c751e8b465ee728b)  -> (artifact id: '6fa7430d240ed969ab4de9a64a8eee2b') in 0.007414 seconds
  Import took 0.009207 seconds .

========================================================================
Received Import Request.
  Time since last request: 0.000291 seconds.
  path: Packages/com.unity.collab-proxy/Editor/Assets/Icons/added-file-dark@2x.png
  artifactKey: Guid(c223e0c507e2c6549a2cb97441b62cbe) Importer(815301076,1909f56bfc062723c751e8b465ee728b)
Start importing Packages/com.unity.collab-proxy/Editor/Assets/Icons/added-file-dark@2x.png using Guid(c223e0c507e2c6549a2cb97441b62cbe) Importer(815301076,1909f56bfc062723c751e8b465ee728b)  -> (artifact id: 'b0fbc0789d6e7889742ba3c089089b9d') in 0.006237 seconds
  Import took 0.008149 seconds .

========================================================================
Received Import Request.
  Time since last request: 0.839126 seconds.
  path: Packages/com.unity.2d.sprite/Editor/ObjectMenuCreation/DefaultAssets/Textures/9-Sliced.png
  artifactKey: Guid(cc35afd292fc349128b36a291fb3a165) Importer(815301076,1909f56bfc062723c751e8b465ee728b)
Start importing Packages/com.unity.2d.sprite/Editor/ObjectMenuCreation/DefaultAssets/Textures/9-Sliced.png using Guid(cc35afd292fc349128b36a291fb3a165) Importer(815301076,1909f56bfc062723c751e8b465ee728b)  -> (artifact id: '5a4dce903e4a63c52a858d2385238ee1') in 0.055110 seconds
  Import took 0.057644 seconds .

========================================================================
Received Prepare
Registering precompiled user dll's ...
Registered in 0.000797 seconds.
Begin MonoManager ReloadAssembly
Native extension for Lumin target not found
Native extension for LinuxStandalone target not found
Native extension for WindowsStandalone target not found
Native extension for OSXStandalone target not found
Native extension for WebGL target not found
Refreshing native plugins compatible for Editor in 0.19 ms, found 0 plugins.
Preloading 0 native plugins for Editor in 0.00 ms.
Invoked RoslynAnalysisRunner static constructor.
RoslynAnalysisRunner will not be running.
RoslynAnalysisRunner has terminated.
Mono: successfully reloaded assembly
- Completed reload, in  0.702 seconds
Platform modules already initialized, skipping
Refreshing native plugins compatible for Editor in 0.19 ms, found 0 plugins.
Preloading 0 native plugins for Editor in 0.00 ms.
Unloading 1118 Unused Serialized files (Serialized files now loaded: 0)
System memory in use before: 62.8 MB.
System memory in use after: 62.9 MB.

Unloading 4 unused Assets to reduce memory usage. Loaded Objects now: 1598.
Total: 1.464300 ms (FindLiveObjects: 0.136700 ms CreateObjectMapping: 0.041000 ms MarkObjects: 1.274900 ms  DeleteObjects: 0.010900 ms)

========================================================================
Received Prepare
Registering precompiled user dll's ...
Registered in 0.000847 seconds.
Begin MonoManager ReloadAssembly
Native extension for Lumin target not found
Native extension for LinuxStandalone target not found
Native extension for WindowsStandalone target not found
Native extension for OSXStandalone target not found
Native extension for WebGL target not found
Refreshing native plugins compatible for Editor in 0.18 ms, found 0 plugins.
Preloading 0 native plugins for Editor in 0.00 ms.
Invoked RoslynAnalysisRunner static constructor.
RoslynAnalysisRunner will not be running.
RoslynAnalysisRunner has terminated.
Mono: successfully reloaded assembly
- Completed reload, in  0.700 seconds
Platform modules already initialized, skipping
Refreshing native plugins compatible for Editor in 0.18 ms, found 0 plugins.
Preloading 0 native plugins for Editor in 0.00 ms.
Unloading 1118 Unused Serialized files (Serialized files now loaded: 0)
System memory in use before: 63.0 MB.
System memory in use after: 63.1 MB.

Unloading 4 unused Assets to reduce memory usage. Loaded Objects now: 1600.
Total: 1.602200 ms (FindLiveObjects: 0.121400 ms CreateObjectMapping: 0.034000 ms MarkObjects: 1.416900 ms  DeleteObjects: 0.029100 ms)

========================================================================
Received Import Request.
  Time since last request: 2017.961657 seconds.
  path: Assets/Scripts/Game/Music.cs
  artifactKey: Guid(9efe0964d87bf8740a8ad42044716fb7) Importer(815301076,1909f56bfc062723c751e8b465ee728b)
Start importing Assets/Scripts/Game/Music.cs using Guid(9efe0964d87bf8740a8ad42044716fb7) Importer(815301076,1909f56bfc062723c751e8b465ee728b)  -> (artifact id: '5e6207d20dcb35d5777bd0fc157a65a4') in 0.005303 seconds
  Import took 0.007412 seconds .

========================================================================
Received Prepare
Registering precompiled user dll's ...
Registered in 0.001171 seconds.
Begin MonoManager ReloadAssembly
Native extension for Lumin target not found
Native extension for LinuxStandalone target not found
Native extension for WindowsStandalone target not found
Native extension for OSXStandalone target not found
Native extension for WebGL target not found
Refreshing native plugins compatible for Editor in 0.33 ms, found 0 plugins.
Preloading 0 native plugins for Editor in 0.00 ms.
Invoked RoslynAnalysisRunner static constructor.
RoslynAnalysisRunner will not be running.
RoslynAnalysisRunner has terminated.
Mono: successfully reloaded assembly
- Completed reload, in  0.800 seconds
Platform modules already initialized, skipping
Refreshing native plugins compatible for Editor in 0.18 ms, found 0 plugins.
Preloading 0 native plugins for Editor in 0.00 ms.
Unloading 1119 Unused Serialized files (Serialized files now loaded: 0)
System memory in use before: 63.3 MB.
System memory in use after: 63.4 MB.

Unloading 4 unused Assets to reduce memory usage. Loaded Objects now: 1603.
Total: 1.685700 ms (FindLiveObjects: 0.238100 ms CreateObjectMapping: 0.095500 ms MarkObjects: 1.338500 ms  DeleteObjects: 0.012300 ms)

========================================================================
Received Prepare
Registering precompiled user dll's ...
Registered in 0.000837 seconds.
Begin MonoManager ReloadAssembly
Native extension for Lumin target not found
Native extension for LinuxStandalone target not found
Native extension for WindowsStandalone target not found
Native extension for OSXStandalone target not found
Native extension for WebGL target not found
Refreshing native plugins compatible for Editor in 0.20 ms, found 0 plugins.
Preloading 0 native plugins for Editor in 0.00 ms.
Invoked RoslynAnalysisRunner static constructor.
RoslynAnalysisRunner will not be running.
RoslynAnalysisRunner has terminated.
Mono: successfully reloaded assembly
- Completed reload, in  0.747 seconds
Platform modules already initialized, skipping
Refreshing native plugins compatible for Editor in 0.18 ms, found 0 plugins.
Preloading 0 native plugins for Editor in 0.00 ms.
Unloading 1119 Unused Serialized files (Serialized files now loaded: 0)
System memory in use before: 63.5 MB.
System memory in use after: 63.6 MB.

Unloading 4 unused Assets to reduce memory usage. Loaded Objects now: 1605.
Total: 1.334900 ms (FindLiveObjects: 0.136600 ms CreateObjectMapping: 0.033800 ms MarkObjects: 1.154000 ms  DeleteObjects: 0.009500 ms)

========================================================================
Received Import Request.
  Time since last request: 88.977211 seconds.
  path: Assets/Scripts/Game/Music.cs
  artifactKey: Guid(9efe0964d87bf8740a8ad42044716fb7) Importer(815301076,1909f56bfc062723c751e8b465ee728b)
Start importing Assets/Scripts/Game/Music.cs using Guid(9efe0964d87bf8740a8ad42044716fb7) Importer(815301076,1909f56bfc062723c751e8b465ee728b)  -> (artifact id: '991c19018a046ab7b8a7f4427e25b889') in 0.004211 seconds
  Import took 0.005842 seconds .

========================================================================
Received Prepare
Registering precompiled user dll's ...
Registered in 0.000949 seconds.
Begin MonoManager ReloadAssembly
Native extension for Lumin target not found
Native extension for LinuxStandalone target not found
Native extension for WindowsStandalone target not found
Native extension for OSXStandalone target not found
Native extension for WebGL target not found
Refreshing native plugins compatible for Editor in 0.29 ms, found 0 plugins.
Preloading 0 native plugins for Editor in 0.00 ms.
Invoked RoslynAnalysisRunner static constructor.
RoslynAnalysisRunner will not be running.
RoslynAnalysisRunner has terminated.
Mono: successfully reloaded assembly
- Completed reload, in  0.708 seconds
Platform modules already initialized, skipping
Refreshing native plugins compatible for Editor in 0.20 ms, found 0 plugins.
Preloading 0 native plugins for Editor in 0.00 ms.
Unloading 1119 Unused Serialized files (Serialized files now loaded: 0)
System memory in use before: 63.5 MB.
System memory in use after: 63.6 MB.

Unloading 4 unused Assets to reduce memory usage. Loaded Objects now: 1607.
Total: 1.456500 ms (FindLiveObjects: 0.142600 ms CreateObjectMapping: 0.027900 ms MarkObjects: 1.272700 ms  DeleteObjects: 0.012400 ms)

========================================================================
Received Prepare
Registering precompiled user dll's ...
Registered in 0.000801 seconds.
Begin MonoManager ReloadAssembly
Native extension for Lumin target not found
Native extension for LinuxStandalone target not found
Native extension for WindowsStandalone target not found
Native extension for OSXStandalone target not found
Native extension for WebGL target not found
Refreshing native plugins compatible for Editor in 0.20 ms, found 0 plugins.
Preloading 0 native plugins for Editor in 0.00 ms.
Invoked RoslynAnalysisRunner static constructor.
RoslynAnalysisRunner will not be running.
RoslynAnalysisRunner has terminated.
Mono: successfully reloaded assembly
- Completed reload, in  0.698 seconds
Platform modules already initialized, skipping
Refreshing native plugins compatible for Editor in 0.19 ms, found 0 plugins.
Preloading 0 native plugins for Editor in 0.00 ms.
Unloading 1119 Unused Serialized files (Serialized files now loaded: 0)
System memory in use before: 63.0 MB.
System memory in use after: 63.1 MB.

Unloading 4 unused Assets to reduce memory usage. Loaded Objects now: 1609.
Total: 1.505200 ms (FindLiveObjects: 0.145800 ms CreateObjectMapping: 0.038100 ms MarkObjects: 1.307100 ms  DeleteObjects: 0.012600 ms)

AssetImportWorkerClient::OnTransportError - code=2 error=End of file
